<?xml version="1.0" encoding="UTF-8"?>
<!-- Generated by org.testng.reporters.JUnitReportReporter -->
<testsuite skipped="0" hostname="LAPTOP-JIEOSS87" name="org.sample.ReRun" tests="5" failures="0" timestamp="10 Apr 2021 06:15:18 GMT" time="0.041" errors="0">
  <testcase name="sample50" time="0.001" classname="org.sample.ReRun"/>
  <testcase name="sample10" time="0.019" classname="org.sample.ReRun"/>
  <testcase name="sample20" time="0.003" classname="org.sample.ReRun"/>
  <testcase name="sample30" time="0.015" classname="org.sample.ReRun"/>
  <testcase name="sample40" time="0.003" classname="org.sample.ReRun"/>
</testsuite> <!-- org.sample.ReRun -->
