<?xml version="1.0" encoding="UTF-8"?>
<!-- Generated by org.testng.reporters.JUnitReportReporter -->
<testsuite skipped="0" hostname="LAPTOP-JIEOSS87" name="org.test.Parallelmethod" tests="5" failures="0" timestamp="09 Apr 2021 06:18:05 GMT" time="0.227" errors="0">
  <testcase name="tc2" time="0.046" classname="org.test.Parallelmethod"/>
  <testcase name="tc0" time="0.046" classname="org.test.Parallelmethod"/>
  <testcase name="tc1" time="0.045" classname="org.test.Parallelmethod"/>
  <testcase name="tc4" time="0.045" classname="org.test.Parallelmethod"/>
  <testcase name="tc3" time="0.045" classname="org.test.Parallelmethod"/>
</testsuite> <!-- org.test.Parallelmethod -->
