<?xml version="1.0" encoding="UTF-8"?>
<!-- Generated by org.testng.reporters.JUnitReportReporter -->
<testsuite skipped="0" hostname="LAPTOP-JIEOSS87" name="org.test.Groups" tests="5" failures="0" timestamp="09 Apr 2021 05:53:32 GMT" time="0.023" errors="0">
  <testcase name="tc2" time="0.000" classname="org.test.Groups"/>
  <testcase name="tc0" time="0.015" classname="org.test.Groups"/>
  <testcase name="tc4" time="0.000" classname="org.test.Groups"/>
  <testcase name="tc3" time="0.006" classname="org.test.Groups"/>
  <testcase name="tc1" time="0.002" classname="org.test.Groups"/>
</testsuite> <!-- org.test.Groups -->
