<?xml version="1.0" encoding="UTF-8"?>
<!-- Generated by org.testng.reporters.JUnitReportReporter -->
<testsuite skipped="0" hostname="LAPTOP-JIEOSS87" name="org.test.Dataprovider" tests="3" failures="0" timestamp="09 Apr 2021 05:12:46 GMT" time="67.106" errors="0">
  <testcase name="tc0" time="34.531" classname="org.test.Dataprovider"/>
  <testcase name="tc0" time="15.963" classname="org.test.Dataprovider"/>
  <testcase name="tc0" time="16.612" classname="org.test.Dataprovider"/>
</testsuite> <!-- org.test.Dataprovider -->
