<?xml version="1.0" encoding="UTF-8"?>
<!-- Generated by org.testng.reporters.JUnitReportReporter -->
<testsuite skipped="0" hostname="LAPTOP-JIEOSS87" name="org.test.ExtentReport" tests="4" failures="0" timestamp="11 Apr 2021 14:13:00 GMT" time="7.599" errors="0">
  <testcase name="tc0" time="2.344" classname="org.test.ExtentReport"/>
  <testcase name="tc1" time="1.294" classname="org.test.ExtentReport"/>
  <testcase name="tc2" time="3.243" classname="org.test.ExtentReport"/>
  <testcase name="tc3" time="0.718" classname="org.test.ExtentReport"/>
</testsuite> <!-- org.test.ExtentReport -->
